D:\需要看的\回文\Debug\回文.exe
D:\需要看的\回文\Debug\回文.ilk
D:\需要看的\回文\Debug\回文.pdb
D:\需要看的\回文\回文\Debug\cl.command.1.tlog
D:\需要看的\回文\回文\Debug\CL.read.1.tlog
D:\需要看的\回文\回文\Debug\CL.write.1.tlog
D:\需要看的\回文\回文\Debug\link.command.1.tlog
D:\需要看的\回文\回文\Debug\link.read.1.tlog
D:\需要看的\回文\回文\Debug\link.write.1.tlog
D:\需要看的\回文\回文\Debug\mt.command.1.tlog
D:\需要看的\回文\回文\Debug\mt.read.1.tlog
D:\需要看的\回文\回文\Debug\mt.write.1.tlog
D:\需要看的\回文\回文\Debug\SeqStack.obj
D:\需要看的\回文\回文\DEBUG\TEST.OBJ
D:\需要看的\回文\回文\Debug\vc100.idb
D:\需要看的\回文\回文\DEBUG\VC100.PDB
D:\需要看的\回文\回文\Debug\回文.exe.intermediate.manifest
D:\需要看的\回文\回文\Debug\回文.write.1.tlog
E:\数据结构（王江涛）\CHAP3\实例\回文\DEBUG\回文.EXE
E:\数据结构（王江涛）\CHAP3\实例\回文\DEBUG\回文.ILK
E:\数据结构（王江涛）\CHAP3\实例\回文\DEBUG\回文.PDB
E:\数据结构（王江涛）\CHAP3\实例\回文\回文\DEBUG\SEQSTACK.OBJ
E:\数据结构（王江涛）\CHAP3\实例\回文\回文\DEBUG\TEST.OBJ
E:\数据结构（王江涛）\CHAP3\实例\回文\回文\DEBUG\VC100.PDB
E:\数据结构（王江涛）\CHAP3\实例\回文\回文\DEBUG\回文.EXE.INTERMEDIATE.MANIFEST
